2013-06-09 16:51:39,477 [main] INFO main edu.uit.snmr.topicmodeling.art.ARTAlgorithm - Loading author/recipient information......
2013-06-09 16:51:39,900 [main] INFO main edu.uit.snmr.topicmodeling.art.ARTAlgorithm - Loading word information......
2013-06-09 16:51:45,929 [main] INFO main edu.uit.snmr.topicmodeling.art.ARTAlgorithm - Loading finished.
2013-06-09 16:51:45,930 [main] INFO main edu.uit.snmr.topicmodeling.art.ARTAlgorithmCore - Starting a chain randomly......
2013-06-09 16:52:01,242 [main] INFO main edu.uit.snmr.topicmodeling.art.ARTAlgorithmCore - Begin sampling......
2013-06-09 16:52:01,242 [main] INFO main edu.uit.snmr.topicmodeling.art.ARTAlgorithmCore - Burn-in period......
2013-06-09 16:52:01,247 [main] INFO main edu.uit.snmr.topicmodeling.art.ARTAlgorithmCore - Iteration 1......
2013-06-09 16:52:09,873 [main] INFO main edu.uit.snmr.topicmodeling.art.ARTAlgorithmCore - Iteration 2......
2013-06-09 16:52:16,980 [main] INFO main edu.uit.snmr.topicmodeling.art.ARTAlgorithmCore - Iteration 3......
2013-06-09 16:52:20,382 [main] INFO main edu.uit.snmr.topicmodeling.art.ARTAlgorithmCore - Iteration 4......
2013-06-09 16:52:23,354 [main] INFO main edu.uit.snmr.topicmodeling.art.ARTAlgorithmCore - Iteration 5......
2013-06-09 16:52:26,655 [main] INFO main edu.uit.snmr.topicmodeling.art.ARTAlgorithmCore - Iteration 6......
2013-06-09 16:52:31,489 [main] INFO main edu.uit.snmr.topicmodeling.art.ARTAlgorithmCore - Iteration 7......
2013-06-09 16:52:35,376 [main] INFO main edu.uit.snmr.topicmodeling.art.ARTAlgorithmCore - Iteration 8......
2013-06-09 16:52:41,977 [main] INFO main edu.uit.snmr.topicmodeling.art.ARTAlgorithmCore - Iteration 9......
2013-06-09 16:52:46,326 [main] INFO main edu.uit.snmr.topicmodeling.art.ARTAlgorithmCore - Iteration 10......
2013-06-09 16:52:50,866 [main] INFO main edu.uit.snmr.topicmodeling.art.ARTAlgorithmCore - Iteration 11......
2013-06-09 16:52:55,283 [main] INFO main edu.uit.snmr.topicmodeling.art.ARTAlgorithmCore - Iteration 12......
2013-06-09 16:52:58,679 [main] INFO main edu.uit.snmr.topicmodeling.art.ARTAlgorithmCore - Iteration 13......
2013-06-09 16:53:02,565 [main] INFO main edu.uit.snmr.topicmodeling.art.ARTAlgorithmCore - Iteration 14......
2013-06-09 16:53:06,720 [main] INFO main edu.uit.snmr.topicmodeling.art.ARTAlgorithmCore - Iteration 15......
2013-06-09 16:53:09,739 [main] INFO main edu.uit.snmr.topicmodeling.art.ARTAlgorithmCore - Iteration 16......
2013-06-09 16:53:13,650 [main] INFO main edu.uit.snmr.topicmodeling.art.ARTAlgorithmCore - Iteration 17......
2013-06-09 16:53:18,130 [main] INFO main edu.uit.snmr.topicmodeling.art.ARTAlgorithmCore - Iteration 18......
2013-06-09 16:53:21,966 [main] INFO main edu.uit.snmr.topicmodeling.art.ARTAlgorithmCore - Iteration 19......
2013-06-09 16:53:27,274 [main] INFO main edu.uit.snmr.topicmodeling.art.ARTAlgorithmCore - Iteration 20......
2013-06-09 16:53:31,978 [main] INFO main edu.uit.snmr.topicmodeling.art.ARTAlgorithmCore - Iteration 21......
2013-06-09 16:53:36,929 [main] INFO main edu.uit.snmr.topicmodeling.art.ARTAlgorithmCore - Iteration 22......
2013-06-09 16:53:40,919 [main] INFO main edu.uit.snmr.topicmodeling.art.ARTAlgorithmCore - Iteration 23......
2013-06-09 16:53:44,635 [main] INFO main edu.uit.snmr.topicmodeling.art.ARTAlgorithmCore - Iteration 24......
2013-06-09 16:53:53,005 [main] INFO main edu.uit.snmr.topicmodeling.art.ARTAlgorithmCore - Iteration 25......
2013-06-09 16:53:58,634 [main] INFO main edu.uit.snmr.topicmodeling.art.ARTAlgorithmCore - Iteration 26......
2013-06-09 16:54:04,147 [main] INFO main edu.uit.snmr.topicmodeling.art.ARTAlgorithmCore - Iteration 27......
2013-06-09 16:54:09,024 [main] INFO main edu.uit.snmr.topicmodeling.art.ARTAlgorithmCore - Iteration 28......
2013-06-09 16:54:14,965 [main] INFO main edu.uit.snmr.topicmodeling.art.ARTAlgorithmCore - Iteration 29......
2013-06-09 16:54:19,325 [main] INFO main edu.uit.snmr.topicmodeling.art.ARTAlgorithmCore - Iteration 30......
2013-06-09 16:54:24,290 [main] INFO main edu.uit.snmr.topicmodeling.art.ARTAlgorithmCore - Iteration 31......
2013-06-09 16:54:28,894 [main] INFO main edu.uit.snmr.topicmodeling.art.ARTAlgorithmCore - Iteration 32......
2013-06-09 16:54:34,869 [main] INFO main edu.uit.snmr.topicmodeling.art.ARTAlgorithmCore - Iteration 33......
2013-06-09 16:54:39,642 [main] INFO main edu.uit.snmr.topicmodeling.art.ARTAlgorithmCore - Iteration 34......
2013-06-09 16:54:44,137 [main] INFO main edu.uit.snmr.topicmodeling.art.ARTAlgorithmCore - Iteration 35......
2013-06-09 16:54:51,912 [main] INFO main edu.uit.snmr.topicmodeling.art.ARTAlgorithmCore - Iteration 36......
2013-06-09 16:54:58,295 [main] INFO main edu.uit.snmr.topicmodeling.art.ARTAlgorithmCore - Iteration 37......
2013-06-09 16:55:02,790 [main] INFO main edu.uit.snmr.topicmodeling.art.ARTAlgorithmCore - Iteration 38......
2013-06-09 16:55:07,949 [main] INFO main edu.uit.snmr.topicmodeling.art.ARTAlgorithmCore - Iteration 39......
2013-06-09 16:55:13,135 [main] INFO main edu.uit.snmr.topicmodeling.art.ARTAlgorithmCore - Iteration 40......
2013-06-09 16:55:19,143 [main] INFO main edu.uit.snmr.topicmodeling.art.ARTAlgorithmCore - Iteration 41......
2013-06-09 16:55:25,413 [main] INFO main edu.uit.snmr.topicmodeling.art.ARTAlgorithmCore - Iteration 42......
2013-06-09 16:55:30,604 [main] INFO main edu.uit.snmr.topicmodeling.art.ARTAlgorithmCore - Iteration 43......
2013-06-09 16:55:36,871 [main] INFO main edu.uit.snmr.topicmodeling.art.ARTAlgorithmCore - Iteration 44......
2013-06-09 16:55:42,650 [main] INFO main edu.uit.snmr.topicmodeling.art.ARTAlgorithmCore - Iteration 45......
2013-06-09 16:55:47,664 [main] INFO main edu.uit.snmr.topicmodeling.art.ARTAlgorithmCore - Iteration 46......
2013-06-09 16:55:53,347 [main] INFO main edu.uit.snmr.topicmodeling.art.ARTAlgorithmCore - Iteration 47......
2013-06-09 16:55:58,126 [main] INFO main edu.uit.snmr.topicmodeling.art.ARTAlgorithmCore - Iteration 48......
2013-06-09 16:56:00,091 [main] INFO main edu.uit.snmr.topicmodeling.art.ARTAlgorithmCore - Iteration 49......
2013-06-09 16:56:02,011 [main] INFO main edu.uit.snmr.topicmodeling.art.ARTAlgorithmCore - Iteration 50......
2013-06-09 16:56:04,827 [main] INFO main edu.uit.snmr.topicmodeling.art.ARTAlgorithmCore - Iteration 51......
2013-06-09 16:56:07,032 [main] INFO main edu.uit.snmr.topicmodeling.art.ARTAlgorithmCore - Iteration 52......
2013-06-09 16:56:09,270 [main] INFO main edu.uit.snmr.topicmodeling.art.ARTAlgorithmCore - Iteration 53......
2013-06-09 16:56:11,321 [main] INFO main edu.uit.snmr.topicmodeling.art.ARTAlgorithmCore - Iteration 54......
2013-06-09 16:56:13,442 [main] INFO main edu.uit.snmr.topicmodeling.art.ARTAlgorithmCore - Iteration 55......
2013-06-09 16:56:15,859 [main] INFO main edu.uit.snmr.topicmodeling.art.ARTAlgorithmCore - Iteration 56......
2013-06-09 16:56:18,004 [main] INFO main edu.uit.snmr.topicmodeling.art.ARTAlgorithmCore - Iteration 57......
2013-06-09 16:56:20,176 [main] INFO main edu.uit.snmr.topicmodeling.art.ARTAlgorithmCore - Iteration 58......
2013-06-09 16:56:22,080 [main] INFO main edu.uit.snmr.topicmodeling.art.ARTAlgorithmCore - Iteration 59......
2013-06-09 16:56:24,398 [main] INFO main edu.uit.snmr.topicmodeling.art.ARTAlgorithmCore - Iteration 60......
2013-06-09 16:56:26,796 [main] INFO main edu.uit.snmr.topicmodeling.art.ARTAlgorithmCore - Iteration 61......
2013-06-09 16:56:29,247 [main] INFO main edu.uit.snmr.topicmodeling.art.ARTAlgorithmCore - Iteration 62......
2013-06-09 16:56:35,159 [main] INFO main edu.uit.snmr.topicmodeling.art.ARTAlgorithmCore - Iteration 63......
2013-06-09 16:56:38,832 [main] INFO main edu.uit.snmr.topicmodeling.art.ARTAlgorithmCore - Iteration 64......
2013-06-09 16:56:42,724 [main] INFO main edu.uit.snmr.topicmodeling.art.ARTAlgorithmCore - Iteration 65......
2013-06-09 16:56:48,340 [main] INFO main edu.uit.snmr.topicmodeling.art.ARTAlgorithmCore - Iteration 66......
2013-06-09 16:56:52,050 [main] INFO main edu.uit.snmr.topicmodeling.art.ARTAlgorithmCore - Iteration 67......
2013-06-09 16:56:59,062 [main] INFO main edu.uit.snmr.topicmodeling.art.ARTAlgorithmCore - Iteration 68......
2013-06-09 16:57:03,533 [main] INFO main edu.uit.snmr.topicmodeling.art.ARTAlgorithmCore - Iteration 69......
2013-06-09 16:57:08,580 [main] INFO main edu.uit.snmr.topicmodeling.art.ARTAlgorithmCore - Iteration 70......
2013-06-09 16:57:14,325 [main] INFO main edu.uit.snmr.topicmodeling.art.ARTAlgorithmCore - Iteration 71......
2013-06-09 16:57:19,048 [main] INFO main edu.uit.snmr.topicmodeling.art.ARTAlgorithmCore - Iteration 72......
2013-06-09 16:57:23,351 [main] INFO main edu.uit.snmr.topicmodeling.art.ARTAlgorithmCore - Iteration 73......
2013-06-09 16:57:27,541 [main] INFO main edu.uit.snmr.topicmodeling.art.ARTAlgorithmCore - Iteration 74......
2013-06-09 16:57:31,626 [main] INFO main edu.uit.snmr.topicmodeling.art.ARTAlgorithmCore - Iteration 75......
2013-06-09 16:57:37,069 [main] INFO main edu.uit.snmr.topicmodeling.art.ARTAlgorithmCore - Iteration 76......
2013-06-09 16:57:40,571 [main] INFO main edu.uit.snmr.topicmodeling.art.ARTAlgorithmCore - Iteration 77......
2013-06-09 16:57:46,488 [main] INFO main edu.uit.snmr.topicmodeling.art.ARTAlgorithmCore - Iteration 78......
2013-06-09 16:57:50,282 [main] INFO main edu.uit.snmr.topicmodeling.art.ARTAlgorithmCore - Iteration 79......
2013-06-09 16:57:55,263 [main] INFO main edu.uit.snmr.topicmodeling.art.ARTAlgorithmCore - Iteration 80......
2013-06-09 16:58:02,628 [main] INFO main edu.uit.snmr.topicmodeling.art.ARTAlgorithmCore - Iteration 81......
2013-06-09 16:58:06,820 [main] INFO main edu.uit.snmr.topicmodeling.art.ARTAlgorithmCore - Iteration 82......
2013-06-09 16:58:12,801 [main] INFO main edu.uit.snmr.topicmodeling.art.ARTAlgorithmCore - Iteration 83......
2013-06-09 16:58:17,486 [main] INFO main edu.uit.snmr.topicmodeling.art.ARTAlgorithmCore - Iteration 84......
2013-06-09 16:58:23,059 [main] INFO main edu.uit.snmr.topicmodeling.art.ARTAlgorithmCore - Iteration 85......
2013-06-09 16:58:27,292 [main] INFO main edu.uit.snmr.topicmodeling.art.ARTAlgorithmCore - Iteration 86......
2013-06-09 16:58:33,063 [main] INFO main edu.uit.snmr.topicmodeling.art.ARTAlgorithmCore - Iteration 87......
2013-06-09 16:58:37,878 [main] INFO main edu.uit.snmr.topicmodeling.art.ARTAlgorithmCore - Iteration 88......
2013-06-09 16:58:42,757 [main] INFO main edu.uit.snmr.topicmodeling.art.ARTAlgorithmCore - Iteration 89......
2013-06-09 16:58:47,908 [main] INFO main edu.uit.snmr.topicmodeling.art.ARTAlgorithmCore - Iteration 90......
2013-06-09 16:58:53,010 [main] INFO main edu.uit.snmr.topicmodeling.art.ARTAlgorithmCore - Iteration 91......
2013-06-09 16:58:58,549 [main] INFO main edu.uit.snmr.topicmodeling.art.ARTAlgorithmCore - Iteration 92......
2013-06-09 16:59:06,934 [main] INFO main edu.uit.snmr.topicmodeling.art.ARTAlgorithmCore - Iteration 93......
2013-06-09 16:59:11,501 [main] INFO main edu.uit.snmr.topicmodeling.art.ARTAlgorithmCore - Iteration 94......
2013-06-09 16:59:16,154 [main] INFO main edu.uit.snmr.topicmodeling.art.ARTAlgorithmCore - Iteration 95......
2013-06-09 16:59:20,724 [main] INFO main edu.uit.snmr.topicmodeling.art.ARTAlgorithmCore - Iteration 96......
2013-06-09 16:59:24,174 [main] INFO main edu.uit.snmr.topicmodeling.art.ARTAlgorithmCore - Iteration 97......
2013-06-09 16:59:27,944 [main] INFO main edu.uit.snmr.topicmodeling.art.ARTAlgorithmCore - Iteration 98......
2013-06-09 16:59:32,710 [main] INFO main edu.uit.snmr.topicmodeling.art.ARTAlgorithmCore - Iteration 99......
2013-06-09 16:59:37,770 [main] INFO main edu.uit.snmr.topicmodeling.art.ARTAlgorithmCore - Iteration 100......
2013-06-09 16:59:44,170 [main] INFO main edu.uit.snmr.topicmodeling.art.ARTAlgorithmCore - Begin collection samples
2013-06-09 16:59:44,170 [main] INFO main edu.uit.snmr.topicmodeling.art.ARTAlgorithmCore - Iteration 101......
2013-06-09 16:59:50,701 [main] INFO main edu.uit.snmr.topicmodeling.art.ARTAlgorithmCore - Iteration 102......
2013-06-09 16:59:55,982 [main] INFO main edu.uit.snmr.topicmodeling.art.ARTAlgorithmCore - Iteration 103......
2013-06-09 17:00:07,263 [main] INFO main edu.uit.snmr.topicmodeling.art.ARTAlgorithmCore - Iteration 104......
2013-06-09 17:00:12,563 [main] INFO main edu.uit.snmr.topicmodeling.art.ARTAlgorithmCore - Iteration 105......
2013-06-09 17:00:18,909 [main] INFO main edu.uit.snmr.topicmodeling.art.ARTAlgorithmCore - Iteration 106......
2013-06-09 17:00:24,727 [main] INFO main edu.uit.snmr.topicmodeling.art.ARTAlgorithmCore - Iteration 107......
2013-06-09 17:00:30,271 [main] INFO main edu.uit.snmr.topicmodeling.art.ARTAlgorithmCore - Iteration 108......
2013-06-09 17:00:34,449 [main] INFO main edu.uit.snmr.topicmodeling.art.ARTAlgorithmCore - Iteration 109......
2013-06-09 17:00:38,922 [main] INFO main edu.uit.snmr.topicmodeling.art.ARTAlgorithmCore - Iteration 110......
2013-06-09 17:00:41,100 [main] INFO main edu.uit.snmr.topicmodeling.art.ARTAlgorithmCore - Write sample 1
2013-06-09 17:00:41,846 [main] INFO main edu.uit.snmr.topicmodeling.art.ARTAlgorithmCore - Iteration 111......
2013-06-09 17:00:43,653 [main] INFO main edu.uit.snmr.topicmodeling.art.ARTAlgorithmCore - Iteration 112......
2013-06-09 17:00:46,061 [main] INFO main edu.uit.snmr.topicmodeling.art.ARTAlgorithmCore - Iteration 113......
2013-06-09 17:00:48,293 [main] INFO main edu.uit.snmr.topicmodeling.art.ARTAlgorithmCore - Iteration 114......
2013-06-09 17:00:50,153 [main] INFO main edu.uit.snmr.topicmodeling.art.ARTAlgorithmCore - Iteration 115......
2013-06-09 17:00:52,283 [main] INFO main edu.uit.snmr.topicmodeling.art.ARTAlgorithmCore - Iteration 116......
2013-06-09 17:00:55,103 [main] INFO main edu.uit.snmr.topicmodeling.art.ARTAlgorithmCore - Iteration 117......
2013-06-09 17:00:58,250 [main] INFO main edu.uit.snmr.topicmodeling.art.ARTAlgorithmCore - Iteration 118......
2013-06-09 17:01:00,205 [main] INFO main edu.uit.snmr.topicmodeling.art.ARTAlgorithmCore - Iteration 119......
2013-06-09 17:01:02,339 [main] INFO main edu.uit.snmr.topicmodeling.art.ARTAlgorithmCore - Iteration 120......
2013-06-09 17:01:04,271 [main] INFO main edu.uit.snmr.topicmodeling.art.ARTAlgorithmCore - Write sample 2
2013-06-09 17:01:04,984 [main] INFO main edu.uit.snmr.topicmodeling.art.ARTAlgorithmCore - Iteration 121......
2013-06-09 17:01:07,680 [main] INFO main edu.uit.snmr.topicmodeling.art.ARTAlgorithmCore - Iteration 122......
2013-06-09 17:01:09,728 [main] INFO main edu.uit.snmr.topicmodeling.art.ARTAlgorithmCore - Iteration 123......
2013-06-09 17:01:11,850 [main] INFO main edu.uit.snmr.topicmodeling.art.ARTAlgorithmCore - Iteration 124......
2013-06-09 17:01:13,652 [main] INFO main edu.uit.snmr.topicmodeling.art.ARTAlgorithmCore - Iteration 125......
2013-06-09 17:01:15,872 [main] INFO main edu.uit.snmr.topicmodeling.art.ARTAlgorithmCore - Iteration 126......
2013-06-09 17:01:19,807 [main] INFO main edu.uit.snmr.topicmodeling.art.ARTAlgorithmCore - Iteration 127......
2013-06-09 17:01:24,735 [main] INFO main edu.uit.snmr.topicmodeling.art.ARTAlgorithmCore - Iteration 128......
2013-06-09 17:01:30,867 [main] INFO main edu.uit.snmr.topicmodeling.art.ARTAlgorithmCore - Iteration 129......
2013-06-09 17:01:34,594 [main] INFO main edu.uit.snmr.topicmodeling.art.ARTAlgorithmCore - Iteration 130......
2013-06-09 17:01:39,935 [main] INFO main edu.uit.snmr.topicmodeling.art.ARTAlgorithmCore - Write sample 3
2013-06-09 17:01:41,193 [main] INFO main edu.uit.snmr.topicmodeling.art.ARTAlgorithmCore - Iteration 131......
2013-06-09 17:01:44,688 [main] INFO main edu.uit.snmr.topicmodeling.art.ARTAlgorithmCore - Iteration 132......
2013-06-09 17:01:49,973 [main] INFO main edu.uit.snmr.topicmodeling.art.ARTAlgorithmCore - Iteration 133......
2013-06-09 17:01:54,565 [main] INFO main edu.uit.snmr.topicmodeling.art.ARTAlgorithmCore - Iteration 134......
2013-06-09 17:01:59,509 [main] INFO main edu.uit.snmr.topicmodeling.art.ARTAlgorithmCore - Iteration 135......
2013-06-09 17:02:05,231 [main] INFO main edu.uit.snmr.topicmodeling.art.ARTAlgorithmCore - Iteration 136......
2013-06-09 17:02:16,993 [main] INFO main edu.uit.snmr.topicmodeling.art.ARTAlgorithmCore - Iteration 137......
2013-06-09 17:02:26,404 [main] INFO main edu.uit.snmr.topicmodeling.art.ARTAlgorithmCore - Iteration 138......
2013-06-09 17:02:34,899 [main] INFO main edu.uit.snmr.topicmodeling.art.ARTAlgorithmCore - Iteration 139......
2013-06-09 17:02:42,441 [main] INFO main edu.uit.snmr.topicmodeling.art.ARTAlgorithmCore - Iteration 140......
2013-06-09 17:02:47,740 [main] INFO main edu.uit.snmr.topicmodeling.art.ARTAlgorithmCore - Write sample 4
2013-06-09 17:02:48,965 [main] INFO main edu.uit.snmr.topicmodeling.art.ARTAlgorithmCore - Iteration 141......
2013-06-09 17:02:52,261 [main] INFO main edu.uit.snmr.topicmodeling.art.ARTAlgorithmCore - Iteration 142......
2013-06-09 17:02:57,685 [main] INFO main edu.uit.snmr.topicmodeling.art.ARTAlgorithmCore - Iteration 143......
2013-06-09 17:03:03,325 [main] INFO main edu.uit.snmr.topicmodeling.art.ARTAlgorithmCore - Iteration 144......
2013-06-09 17:03:07,173 [main] INFO main edu.uit.snmr.topicmodeling.art.ARTAlgorithmCore - Iteration 145......
2013-06-09 17:03:13,434 [main] INFO main edu.uit.snmr.topicmodeling.art.ARTAlgorithmCore - Iteration 146......
2013-06-09 17:03:16,711 [main] INFO main edu.uit.snmr.topicmodeling.art.ARTAlgorithmCore - Iteration 147......
2013-06-09 17:03:21,831 [main] INFO main edu.uit.snmr.topicmodeling.art.ARTAlgorithmCore - Iteration 148......
2013-06-09 17:03:26,593 [main] INFO main edu.uit.snmr.topicmodeling.art.ARTAlgorithmCore - Iteration 149......
2013-06-09 17:03:31,448 [main] INFO main edu.uit.snmr.topicmodeling.art.ARTAlgorithmCore - Iteration 150......
2013-06-09 17:03:36,536 [main] INFO main edu.uit.snmr.topicmodeling.art.ARTAlgorithmCore - Write sample 5
2013-06-09 17:03:37,378 [main] INFO main edu.uit.snmr.topicmodeling.art.ARTAlgorithmCore - Iteration 151......
2013-06-09 17:03:43,159 [main] INFO main edu.uit.snmr.topicmodeling.art.ARTAlgorithmCore - Iteration 152......
2013-06-09 17:03:48,957 [main] INFO main edu.uit.snmr.topicmodeling.art.ARTAlgorithmCore - Iteration 153......
2013-06-09 17:03:55,400 [main] INFO main edu.uit.snmr.topicmodeling.art.ARTAlgorithmCore - Iteration 154......
2013-06-09 17:03:58,804 [main] INFO main edu.uit.snmr.topicmodeling.art.ARTAlgorithmCore - Iteration 155......
2013-06-09 17:04:01,660 [main] INFO main edu.uit.snmr.topicmodeling.art.ARTAlgorithmCore - Iteration 156......
2013-06-09 17:04:05,470 [main] INFO main edu.uit.snmr.topicmodeling.art.ARTAlgorithmCore - Iteration 157......
2013-06-09 17:04:11,940 [main] INFO main edu.uit.snmr.topicmodeling.art.ARTAlgorithmCore - Iteration 158......
2013-06-09 17:04:15,974 [main] INFO main edu.uit.snmr.topicmodeling.art.ARTAlgorithmCore - Iteration 159......
2013-06-09 17:04:20,301 [main] INFO main edu.uit.snmr.topicmodeling.art.ARTAlgorithmCore - Iteration 160......
2013-06-09 17:04:25,173 [main] INFO main edu.uit.snmr.topicmodeling.art.ARTAlgorithmCore - Write sample 6
2013-06-09 17:04:26,100 [main] INFO main edu.uit.snmr.topicmodeling.art.ARTAlgorithmCore - Iteration 161......
2013-06-09 17:04:30,132 [main] INFO main edu.uit.snmr.topicmodeling.art.ARTAlgorithmCore - Iteration 162......
2013-06-09 17:04:34,807 [main] INFO main edu.uit.snmr.topicmodeling.art.ARTAlgorithmCore - Iteration 163......
2013-06-09 17:04:39,586 [main] INFO main edu.uit.snmr.topicmodeling.art.ARTAlgorithmCore - Iteration 164......
2013-06-09 17:04:45,958 [main] INFO main edu.uit.snmr.topicmodeling.art.ARTAlgorithmCore - Iteration 165......
2013-06-09 17:04:50,411 [main] INFO main edu.uit.snmr.topicmodeling.art.ARTAlgorithmCore - Iteration 166......
2013-06-09 17:04:56,669 [main] INFO main edu.uit.snmr.topicmodeling.art.ARTAlgorithmCore - Iteration 167......
2013-06-09 17:05:02,503 [main] INFO main edu.uit.snmr.topicmodeling.art.ARTAlgorithmCore - Iteration 168......
2013-06-09 17:05:08,996 [main] INFO main edu.uit.snmr.topicmodeling.art.ARTAlgorithmCore - Iteration 169......
2013-06-09 17:05:14,692 [main] INFO main edu.uit.snmr.topicmodeling.art.ARTAlgorithmCore - Iteration 170......
2013-06-09 17:05:22,429 [main] INFO main edu.uit.snmr.topicmodeling.art.ARTAlgorithmCore - Write sample 7
2013-06-09 17:05:23,548 [main] INFO main edu.uit.snmr.topicmodeling.art.ARTAlgorithmCore - Iteration 171......
2013-06-09 17:05:28,468 [main] INFO main edu.uit.snmr.topicmodeling.art.ARTAlgorithmCore - Iteration 172......
2013-06-09 17:05:30,729 [main] INFO main edu.uit.snmr.topicmodeling.art.ARTAlgorithmCore - Iteration 173......
2013-06-09 17:05:32,979 [main] INFO main edu.uit.snmr.topicmodeling.art.ARTAlgorithmCore - Iteration 174......
2013-06-09 17:05:35,240 [main] INFO main edu.uit.snmr.topicmodeling.art.ARTAlgorithmCore - Iteration 175......
2013-06-09 17:05:37,440 [main] INFO main edu.uit.snmr.topicmodeling.art.ARTAlgorithmCore - Iteration 176......
2013-06-09 17:05:39,639 [main] INFO main edu.uit.snmr.topicmodeling.art.ARTAlgorithmCore - Iteration 177......
2013-06-09 17:05:41,455 [main] INFO main edu.uit.snmr.topicmodeling.art.ARTAlgorithmCore - Iteration 178......
2013-06-09 17:05:43,323 [main] INFO main edu.uit.snmr.topicmodeling.art.ARTAlgorithmCore - Iteration 179......
2013-06-09 17:05:45,330 [main] INFO main edu.uit.snmr.topicmodeling.art.ARTAlgorithmCore - Iteration 180......
2013-06-09 17:05:47,932 [main] INFO main edu.uit.snmr.topicmodeling.art.ARTAlgorithmCore - Write sample 8
2013-06-09 17:05:48,302 [main] INFO main edu.uit.snmr.topicmodeling.art.ARTAlgorithmCore - Iteration 181......
2013-06-09 17:05:50,544 [main] INFO main edu.uit.snmr.topicmodeling.art.ARTAlgorithmCore - Iteration 182......
2013-06-09 17:05:52,369 [main] INFO main edu.uit.snmr.topicmodeling.art.ARTAlgorithmCore - Iteration 183......
2013-06-09 17:05:54,261 [main] INFO main edu.uit.snmr.topicmodeling.art.ARTAlgorithmCore - Iteration 184......
2013-06-09 17:05:56,143 [main] INFO main edu.uit.snmr.topicmodeling.art.ARTAlgorithmCore - Iteration 185......
2013-06-09 17:05:58,017 [main] INFO main edu.uit.snmr.topicmodeling.art.ARTAlgorithmCore - Iteration 186......
2013-06-09 17:05:59,862 [main] INFO main edu.uit.snmr.topicmodeling.art.ARTAlgorithmCore - Iteration 187......
2013-06-09 17:06:01,767 [main] INFO main edu.uit.snmr.topicmodeling.art.ARTAlgorithmCore - Iteration 188......
2013-06-09 17:06:04,222 [main] INFO main edu.uit.snmr.topicmodeling.art.ARTAlgorithmCore - Iteration 189......
2013-06-09 17:06:06,905 [main] INFO main edu.uit.snmr.topicmodeling.art.ARTAlgorithmCore - Iteration 190......
2013-06-09 17:06:08,735 [main] INFO main edu.uit.snmr.topicmodeling.art.ARTAlgorithmCore - Write sample 9
2013-06-09 17:06:09,105 [main] INFO main edu.uit.snmr.topicmodeling.art.ARTAlgorithmCore - Iteration 191......
2013-06-09 17:06:10,849 [main] INFO main edu.uit.snmr.topicmodeling.art.ARTAlgorithmCore - Iteration 192......
2013-06-09 17:06:12,947 [main] INFO main edu.uit.snmr.topicmodeling.art.ARTAlgorithmCore - Iteration 193......
2013-06-09 17:06:17,086 [main] INFO main edu.uit.snmr.topicmodeling.art.ARTAlgorithmCore - Iteration 194......
2013-06-09 17:06:19,843 [main] INFO main edu.uit.snmr.topicmodeling.art.ARTAlgorithmCore - Iteration 195......
2013-06-09 17:06:22,927 [main] INFO main edu.uit.snmr.topicmodeling.art.ARTAlgorithmCore - Iteration 196......
2013-06-09 17:06:26,434 [main] INFO main edu.uit.snmr.topicmodeling.art.ARTAlgorithmCore - Iteration 197......
2013-06-09 17:06:29,363 [main] INFO main edu.uit.snmr.topicmodeling.art.ARTAlgorithmCore - Iteration 198......
2013-06-09 17:06:33,948 [main] INFO main edu.uit.snmr.topicmodeling.art.ARTAlgorithmCore - Iteration 199......
2013-06-09 17:06:38,433 [main] INFO main edu.uit.snmr.topicmodeling.art.ARTAlgorithmCore - Iteration 200......
2013-06-09 17:06:40,752 [main] INFO main edu.uit.snmr.topicmodeling.art.ARTAlgorithmCore - Write sample 10
2013-06-09 17:06:41,477 [main] INFO main edu.uit.snmr.topicmodeling.art.ARTAlgorithm - Time for this run: 248 hour(s) 45 minute(s) 30 second(s)

2013-06-09 23:13:43,436 [main] INFO main edu.uit.snmr.topicmodeling.art.ARTAlgorithm - Loading word information......
2013-06-09 23:13:46,640 [main] INFO main edu.uit.snmr.topicmodeling.art.ARTAlgorithm - Loading finished.
2013-06-09 23:17:20,087 [main] INFO main edu.uit.snmr.topicmodeling.art.ARTAlgorithm - Loading word information......
2013-06-09 23:17:20,744 [main] INFO main edu.uit.snmr.topicmodeling.art.ARTAlgorithm - Loading finished.
2013-06-09 23:18:28,843 [main] INFO main edu.uit.snmr.topicmodeling.art.ARTAlgorithm - Loading author/recipient information......
2013-06-15 14:29:03,551 [SwingWorker-pool-1-thread-1] INFO SwingWorker-pool-1-thread-1 edu.uit.snmr.view.SnmrFrame - Topic model: Starting labeling.....
2013-06-15 14:29:05,663 [SwingWorker-pool-1-thread-1] INFO SwingWorker-pool-1-thread-1 edu.uit.snmr.view.SnmrFrame - Topic labeling: DONE
2013-06-15 15:11:42,879 [SwingWorker-pool-1-thread-1] INFO SwingWorker-pool-1-thread-1 edu.uit.snmr.view.SnmrFrame - Topic model: Starting labeling.....
2013-06-15 15:11:44,288 [SwingWorker-pool-1-thread-1] INFO SwingWorker-pool-1-thread-1 edu.uit.snmr.view.SnmrFrame - Topic labeling: DONE
2013-06-15 15:16:48,523 [SwingWorker-pool-1-thread-1] INFO SwingWorker-pool-1-thread-1 edu.uit.snmr.view.SnmrFrame - Topic model: Starting labeling.....
2013-06-15 15:16:49,918 [SwingWorker-pool-1-thread-1] INFO SwingWorker-pool-1-thread-1 edu.uit.snmr.view.SnmrFrame - Topic labeling: DONE
2013-06-15 15:18:26,448 [SwingWorker-pool-1-thread-1] INFO SwingWorker-pool-1-thread-1 edu.uit.snmr.view.SnmrFrame - Topic model: Starting labeling.....
2013-06-15 15:18:26,544 [SwingWorker-pool-1-thread-2] INFO SwingWorker-pool-1-thread-2 edu.uit.snmr.view.SnmrFrame - Topic model: Starting labeling.....
2013-06-15 15:18:28,021 [SwingWorker-pool-1-thread-1] INFO SwingWorker-pool-1-thread-1 edu.uit.snmr.view.SnmrFrame - Topic labeling: DONE
2013-06-15 15:18:28,047 [SwingWorker-pool-1-thread-2] INFO SwingWorker-pool-1-thread-2 edu.uit.snmr.view.SnmrFrame - Topic labeling: DONE
2013-06-15 15:19:32,227 [SwingWorker-pool-1-thread-1] INFO SwingWorker-pool-1-thread-1 edu.uit.snmr.view.SnmrFrame - Topic model: Starting labeling.....
2013-06-15 15:19:33,536 [SwingWorker-pool-1-thread-1] INFO SwingWorker-pool-1-thread-1 edu.uit.snmr.view.SnmrFrame - Topic labeling: DONE
2013-06-15 16:18:09,692 [SwingWorker-pool-1-thread-1] INFO SwingWorker-pool-1-thread-1 edu.uit.snmr.view.SnmrFrame - Topic model: Starting labeling.....
2013-06-15 16:18:11,164 [SwingWorker-pool-1-thread-1] INFO SwingWorker-pool-1-thread-1 edu.uit.snmr.view.SnmrFrame - Topic labeling: DONE
2013-06-15 16:41:07,513 [SwingWorker-pool-1-thread-1] INFO SwingWorker-pool-1-thread-1 edu.uit.snmr.view.SnmrFrame - Topic model: Starting labeling.....
2013-06-15 16:41:08,678 [SwingWorker-pool-1-thread-1] INFO SwingWorker-pool-1-thread-1 edu.uit.snmr.view.SnmrFrame - Topic labeling: DONE
